<?xml version="1.0" encoding="UTF-8"?>
<testng-results ignored="0" total="1" passed="1" failed="0" skipped="0">
  <reporter-output>
  </reporter-output>
  <suite started-at="2021-12-10T16:56:51 IST" name="Suite" finished-at="2021-12-10T16:56:51 IST" duration-ms="51">
    <groups>
    </groups>
    <test started-at="2021-12-10T16:56:51 IST" name="Test" finished-at="2021-12-10T16:56:51 IST" duration-ms="51">
      <class name="Vtiger.CreateProductTest">
        <test-method signature="createProduct()[pri:0, instance:Vtiger.CreateProductTest@1fb700ee]" started-at="2021-12-10T16:56:51 IST" name="createProduct" finished-at="2021-12-10T16:56:51 IST" duration-ms="10" status="PASS">
          <reporter-output>
          </reporter-output>
        </test-method> <!-- createProduct -->
      </class> <!-- Vtiger.CreateProductTest -->
    </test> <!-- Test -->
  </suite> <!-- Suite -->
</testng-results>
